[2016.02.15-23.05.56:326][  0]Log file open, 02/15/16 15:05:56
[2016.02.15-23.05.56:326][  0]LogInit:Display: Running engine for game: QuantumEcho
[2016.02.15-23.05.56:326][  0]LogPlatformFile: Not using cached read wrapper
[2016.02.15-23.05.56:326][  0]LogInit:Display: RandInit(-1929962345) SRandInit(-1929962344).
[2016.02.15-23.05.56:326][  0]LogTaskGraph: Started task graph with 4 named threads and 7 total threads.
[2016.02.15-23.05.56:326][  0]LogStats: Stats thread started at 0.153718
[2016.02.15-23.05.56:326][  0]LogInit: Version: 4.10.2-2818068+++depot+UE4-Releases+4.10
[2016.02.15-23.05.56:326][  0]LogInit: API Version: 2758231
[2016.02.15-23.05.56:326][  0]LogInit: Compiled (64-bit): Jan  6 2016 17:36:42
[2016.02.15-23.05.56:326][  0]LogInit: Compiled with Visual C++: 19.00.23026.00
[2016.02.15-23.05.56:326][  0]LogInit: Build Configuration: Development
[2016.02.15-23.05.56:326][  0]LogInit: Branch Name: ++depot+UE4-Releases+4.10
[2016.02.15-23.05.56:326][  0]LogInit: Command line:  
[2016.02.15-23.05.56:326][  0]LogInit: Base directory: E:/Programs/Unreal Engine/Epic Games/4.10/Engine/Binaries/Win64/
[2016.02.15-23.05.56:326][  0]LogInit: Rocket: 1
[2016.02.15-23.05.56:331][  0]LogInit: Using libcurl 7.41.0
[2016.02.15-23.05.56:331][  0]LogInit:  - built for x86_64-pc-win32
[2016.02.15-23.05.56:331][  0]LogInit:  - supports SSL with WinSSL
[2016.02.15-23.05.56:331][  0]LogInit:  - other features:
[2016.02.15-23.05.56:331][  0]LogInit:      CURL_VERSION_SSL
[2016.02.15-23.05.56:331][  0]LogInit:      CURL_VERSION_IPV6
[2016.02.15-23.05.56:331][  0]LogInit:      CURL_VERSION_ASYNCHDNS
[2016.02.15-23.05.56:331][  0]LogInit:      CURL_VERSION_LARGEFILE
[2016.02.15-23.05.56:331][  0]LogInit:      CURL_VERSION_IDN
[2016.02.15-23.05.56:331][  0]LogInit:  CurlRequestOptions (configurable via config and command line):
[2016.02.15-23.05.56:331][  0]LogInit:  - bVerifyPeer = true  - Libcurl will verify peer certificate
[2016.02.15-23.05.56:331][  0]LogInit:  - bUseHttpProxy = false  - Libcurl will NOT use HTTP proxy
[2016.02.15-23.05.56:331][  0]LogInit:  - bDontReuseConnections = false  - Libcurl will reuse connections
[2016.02.15-23.05.56:331][  0]LogInit:  - CertBundlePath = nullptr  - Libcurl will use whatever was configured at build time.
[2016.02.15-23.05.56:338][  0]LogInit: Presizing for 0 objects not considered by GC, pre-allocating 0 bytes.
[2016.02.15-23.05.56:343][  0]LogInit: Object subsystem initialized
[2016.02.15-23.05.56:355][  0]LogInit: Selected Device Profile: [Windows]
[2016.02.15-23.05.56:355][  0]LogInit: Applying CVar settings loaded from the selected device profile: [Windows]
[2016.02.15-23.05.56:361][  0]LogInit: Computer: DESKTOP-PJPOGGP
[2016.02.15-23.05.56:361][  0]LogInit: User: Terra
[2016.02.15-23.05.56:361][  0]LogInit: CPU Page size=4096, Cores=4
[2016.02.15-23.05.56:361][  0]LogInit: High frequency timer resolution =2.439997 MHz
[2016.02.15-23.05.56:361][  0]LogMemory: Memory total: Physical=7.9GB (8GB approx)
[2016.02.15-23.05.56:361][  0]LogMemory: Platform Memory Stats for Windows
[2016.02.15-23.05.56:361][  0]LogMemory: Process Physical Memory: 56.25 MB used, 56.25 MB peak
[2016.02.15-23.05.56:361][  0]LogMemory: Process Virtual Memory: 58.71 MB used, 58.71 MB peak
[2016.02.15-23.05.56:361][  0]LogMemory: Physical Memory: 3664.71 MB used, 8077.40 MB total
[2016.02.15-23.05.56:361][  0]LogMemory: Virtual Memory: 380.91 MB used, 134217728.00 MB total
[2016.02.15-23.05.56:406][  0]LogTextLocalizationManager: No specific translations for ('en-US') exist, so ('en') translations will be used.
[2016.02.15-23.05.56:846][  0]LogD3D11RHI: Found D3D11 adapter 0: NVIDIA GeForce GTX 970M  (Feature Level 11_0)
[2016.02.15-23.05.56:846][  0]LogD3D11RHI: Adapter has 2991MB of dedicated video memory, 0MB of dedicated system memory, and 4038MB of shared system memory, 1 output[s]
[2016.02.15-23.05.56:853][  0]LogD3D11RHI: Found D3D11 adapter 1: Intel(R) HD Graphics 4600 (Feature Level 11_0)
[2016.02.15-23.05.56:853][  0]LogD3D11RHI: Adapter has 112MB of dedicated video memory, 0MB of dedicated system memory, and 4038MB of shared system memory, 0 output[s]
[2016.02.15-23.05.56:854][  0]LogD3D11RHI: Found D3D11 adapter 2: Microsoft Basic Render Driver (Feature Level 11_0)
[2016.02.15-23.05.56:854][  0]LogD3D11RHI: Adapter has 0MB of dedicated video memory, 0MB of dedicated system memory, and 4038MB of shared system memory, 0 output[s]
[2016.02.15-23.05.56:854][  0]LogD3D11RHI: Chosen D3D11 Adapter Id = 0
[2016.02.15-23.05.56:858][  0]LogD3D11RHI: !Direct3DDevice
[2016.02.15-23.05.56:858][  0]LogRHI: Texture pool is 1361 MB (70% of 1945 MB)
[2016.02.15-23.05.56:871][  0]LogD3D11RHI: Async texture creation enabled
[2016.02.15-23.05.56:888][  0]LogShaderCompilers: Guid format shader working directory is -7 characters bigger than the processId version (../../../../../../../Dragondale_prjoects/quantum-echo/Intermediate/Shaders/WorkingDirectory/6732/).
[2016.02.15-23.05.56:888][  0]LogShaderCompilers: Cleaned the shader compiler working directory 'C:/Users/Terra/AppData/Local/Temp/UnrealShaderWorkingDir/6304BBC642376C11397E93931B408EBB/'.
[2016.02.15-23.05.56:888][  0]LogShaderCompilers:Display: Using Local Shader Compiler.
[2016.02.15-23.05.57:984][  0]LogTemp:Display: Loaded TP AllDesktopTargetPlatform
[2016.02.15-23.05.57:988][  0]LogTemp:Display: Loaded TP WindowsClientTargetPlatform
[2016.02.15-23.05.57:992][  0]LogTemp:Display: Loaded TP WindowsNoEditorTargetPlatform
[2016.02.15-23.05.57:996][  0]LogTemp:Display: Loaded TP WindowsServerTargetPlatform
[2016.02.15-23.05.58:001][  0]LogTemp:Display: Loaded TP WindowsTargetPlatform
[2016.02.15-23.05.58:004][  0]LogTemp:Display: Loaded TP AndroidTargetPlatform
[2016.02.15-23.05.58:006][  0]LogTemp:Display: Loaded TP Android_ASTCTargetPlatform
[2016.02.15-23.05.58:009][  0]LogTemp:Display: Loaded TP Android_ATCTargetPlatform
[2016.02.15-23.05.58:011][  0]LogTemp:Display: Loaded TP Android_DXTTargetPlatform
[2016.02.15-23.05.58:014][  0]LogTemp:Display: Loaded TP Android_ETC1TargetPlatform
[2016.02.15-23.05.58:018][  0]LogTemp:Display: Loaded TP Android_ETC2TargetPlatform
[2016.02.15-23.05.58:024][  0]LogTemp:Display: Loaded TP Android_MultiTargetPlatform
[2016.02.15-23.05.58:024][  0]LogTemp:Display: Loaded TP Android_PVRTCTargetPlatform
[2016.02.15-23.05.58:024][  0]LogTemp:Display: Loaded TP HTML5TargetPlatform
[2016.02.15-23.05.58:040][  0]LogTemp:Display: Loaded TP IOSTargetPlatform
[2016.02.15-23.05.58:043][  0]LogTemp:Display: Loaded TP LinuxNoEditorTargetPlatform
[2016.02.15-23.05.58:045][  0]LogTemp:Display: Loaded TP LinuxServerTargetPlatform
[2016.02.15-23.05.58:048][  0]LogTemp:Display: Loaded TP LinuxTargetPlatform
[2016.02.15-23.05.58:048][  0]LogTargetPlatformManager:Display: Building Assets For Windows
[2016.02.15-23.05.59:013][  0]LogDerivedDataCache:Display: Max Cache Size: 512 MB
[2016.02.15-23.05.59:308][  0]LogDerivedDataCache: Loaded boot cache 0.29s 41MB C:/Users/Terra/AppData/Local/UnrealEngine/4.10/DerivedDataCache/Boot.ddc.
[2016.02.15-23.05.59:308][  0]LogDerivedDataCache:Display: Loaded Boot cache: C:/Users/Terra/AppData/Local/UnrealEngine/4.10/DerivedDataCache/Boot.ddc
[2016.02.15-23.05.59:308][  0]LogDerivedDataCache: FDerivedDataBackendGraph:  Pak pak cache file ../../../../../../../Dragondale_prjoects/quantum-echo/DerivedDataCache/DDC.ddp not found, will not use a pak cache.
[2016.02.15-23.05.59:308][  0]LogDerivedDataCache: Unable to find inner node Pak for hierarchical cache Hierarchy.
[2016.02.15-23.05.59:308][  0]LogDerivedDataCache: FDerivedDataBackendGraph:  CompressedPak pak cache file ../../../../../../../Dragondale_prjoects/quantum-echo/DerivedDataCache/Compressed.ddp not found, will not use a pak cache.
[2016.02.15-23.05.59:308][  0]LogDerivedDataCache: Unable to find inner node CompressedPak for hierarchical cache Hierarchy.
[2016.02.15-23.05.59:477][  0]LogDerivedDataCache:Display: Pak cache opened for reading ../../../Engine/DerivedDataCache/Compressed.ddp.
[2016.02.15-23.05.59:488][  0]LogDerivedDataCache: Using Local data cache path C:/Users/Terra/AppData/Local/UnrealEngine/Common/DerivedDataCache: Writable
[2016.02.15-23.06.10:755][  0]LogInit: Selected Device Profile: [Windows]
[2016.02.15-23.06.11:002][  0]LogContentStreaming: Texture pool size is 0.000000MB
[2016.02.15-23.06.13:460][  0]LogMeshUtilities: No automatic mesh reduction module available
[2016.02.15-23.06.13:460][  0]LogMeshUtilities: No automatic mesh merging module available
[2016.02.15-23.06.18:513][  0]LogInit: WinSock: version 1.1 (2.2), MaxSocks=32767, MaxUdp=65467
[2016.02.15-23.06.32:760][  0]UdpMessaging: Initializing bridge on interface 0.0.0.0:0 to multicast group 230.0.0.1:6666.
[2016.02.15-23.06.33:708][  0]LogAssetRegistry: FAssetRegistry took 0.0146 seconds to start up
[2016.02.15-23.06.42:533][  0]SourceControl: Info Source control is disabled
[2016.02.15-23.06.42:675][  0]SourceControl: Info Source control is disabled
[2016.02.15-23.06.43:506][  0]SourceControl: Info Source control is disabled
[2016.02.15-23.06.44:055][  0]SourceControl: Info Source control is disabled
[2016.02.15-23.06.53:142][  0]LogObj: 28633 objects as part of root set at end of initial load.
[2016.02.15-23.06.53:142][  0]LogUObjectAllocator: 6099752 out of 0 bytes used by permanent object pool.
[2016.02.15-23.06.57:090][  0]LogAutomationTest:Warning: Smoke tests took > 1s to run: 3.01s
[2016.02.15-23.06.57:442][  0]LogEngine: Initializing Engine...
[2016.02.15-23.06.57:616][  0]LogHMD: Can't find Oculus library dev build: is proper Runtime installed? Version: 0.8.0.0
[2016.02.15-23.06.57:682][  0]LogHMD: SteamVR failed to initialize.  Err: 110
[2016.02.15-23.07.01:935][  0]LogAIModule: Creating AISystem for world NewWorld
[2016.02.15-23.07.02:921][  0]LogInit: XAudio2 using 'Speakers (Sound Blaster Recon3Di)' : 2 channels at 48 kHz using 32 bits per sample (channel mask 0x3)
[2016.02.15-23.07.02:977][  0]LogInit: FAudioDevice initialized.
[2016.02.15-23.07.03:006][  0]LogDerivedDataCache: Saved boot cache 0.03s 41MB C:/Users/Terra/AppData/Local/UnrealEngine/4.10/DerivedDataCache/Boot.ddc.
[2016.02.15-23.07.03:009][  0]LogInit: Texture streaming: Enabled
[2016.02.15-23.07.03:355][  0]LogAnalytics: Creating configured Analytics provider AnalyticsET
[2016.02.15-23.07.03:443][  0]LogAnalytics: [UEEditor.Rocket.Release] APIServer = http://et2.epicgames.com/ET2/. AppVersion = 4.10.2-2818068+++depot+UE4-Releases+4.10
[2016.02.15-23.07.03:443][  0]LogAnalytics: [UEEditor.Rocket.Release] SetUserId 5d414a7f46373cc1d570f4addc856f33|a36041c13bc54584bc58413c085f29b7|272e8cc7-c3e1-4437-9433-6fd7b64c8b8c
[2016.02.15-23.07.03:512][  0]LogAnalytics: [UEEditor.Rocket.Release] AnalyticsET::StartSession
[2016.02.15-23.07.04:317][  0]LogInit: Transaction tracking system initialized
[2016.02.15-23.07.07:044][  0]BlueprintLog: New page: Editor Load
[2016.02.15-23.07.09:454][  0]LocalizationService: Info Localization service is disabled
[2016.02.15-23.07.10:617][  0]LogConsoleResponse:Display: 
[2016.02.15-23.07.15:197][  0]LogFileCache: Scanning file cache for directory 'E:/Dragondale_prjoects/quantum-echo/Content/' took 0.01s
[2016.02.15-23.07.15:197][  0]LogCook:Display: Done creating registry. It took  0.00s.
[2016.02.15-23.07.16:603][  0]SourceControl: Info Source control is disabled
[2016.02.15-23.07.16:672][  0]Cmd: MAP LOAD FILE="../../../../../../../Dragondale_prjoects/quantum-echo/Content/Maps/MAP_Basic.umap" TEMPLATE=0 SHOWPROGRESS=1 FEATURELEVEL=3
[2016.02.15-23.07.16:676][  0]LightingResults: New page: Lighting Build
[2016.02.15-23.07.16:859][  0]MapCheck: New page: Map Check
[2016.02.15-23.07.16:859][  0]LightingResults: New page: Lighting Build
[2016.02.15-23.07.17:391][  0]LogParticles: Destroying 0 GPU particle simulations for FXSystem 0x00000095BB2DF420
[2016.02.15-23.07.17:661][  0]LogTexture:Display: Building textures: spr_environment (BGRA8)
[2016.02.15-23.07.17:739][  0]LogAIModule: Creating AISystem for world MAP_Basic
[2016.02.15-23.07.18:069][  0]LogEditorServer: Finished looking for orphan Actors (0.000 secs)
[2016.02.15-23.07.18:147][  0]Cmd: MAP CHECKDEP NOCLEARLOG
[2016.02.15-23.07.18:200][  0]MapCheck: Info Map check complete: 0 Error(s), 0 Warning(s), took 52.8ms to complete.
[2016.02.15-23.07.18:200][  0]LogFileHelpers: Loading map 'MAP_Basic' took 1.545
[2016.02.15-23.07.20:349][  0]LogCollectionManager: Loaded 0 collections in 0.007914 seconds
[2016.02.15-23.07.20:679][  0]LogFileCache: Scanning file cache for directory 'E:/Dragondale_prjoects/quantum-echo/Saved/Collections/' took 0.01s
[2016.02.15-23.07.20:679][  0]LogFileCache: Scanning file cache for directory 'E:/Dragondale_prjoects/quantum-echo/Content/Developers/Terra/Collections/' took 0.01s
[2016.02.15-23.07.20:679][  0]LogFileCache: Scanning file cache for directory 'E:/Dragondale_prjoects/quantum-echo/Content/Collections/' took 0.01s
[2016.02.15-23.07.20:679][  0]LogCollectionManager: Rebuilt the GUID cache for 0 collections in 0.000005 seconds
[2016.02.15-23.07.20:788][  0]LogContentBrowser: Native class hierarchy populated in 0.0725 seconds. Added 1894 classes and 340 folders.
[2016.02.15-23.07.20:926][  0]LogContentBrowser: Native class hierarchy updated for 'WidgetCarousel' in 0.0013 seconds. Added 0 classes and 0 folders.
[2016.02.15-23.07.22:197][  0]LogContentBrowser: Native class hierarchy updated for 'AddContentDialog' in 0.0005 seconds. Added 0 classes and 0 folders.
[2016.02.15-23.07.23:346][  0]LogCrashTracker: Crashtracker disabled due to settings.
[2016.02.15-23.07.23:620][  0]LogUObjectGlobals:Warning: Failed to find object 'Class None.'
[2016.02.15-23.07.23:759][  0]LogLoad: Full Startup: 88.18 seconds (BP compile: 0.82 seconds)
[2016.02.15-23.07.23:814][  0]LogWindowsTextInputMethodSystem:Display: IME system now deactivated.
[2016.02.15-23.07.23:814][  0]LogWindowsTextInputMethodSystem:Display: IME system now deactivated.
[2016.02.15-23.07.23:820][  0]LogOcInput: Can't find Oculus library dev build: is proper Runtime installed? Version: 0.8.0.0
[2016.02.15-23.07.24:637][  0]LogContentStreaming: Texture pool size now 1000 MB
[2016.02.15-23.07.25:349][  0]LogRenderer: Reallocating scene render targets to support 1052x920 (Frame:2).
[2016.02.15-23.07.26:335][  5]LogAssetRegistry: Asset discovery search completed in 52.6383 seconds
[2016.02.15-23.07.26:381][  5]LogCollectionManager: Rebuilt the object cache for 0 collections in 0.000000 seconds (found 0 objects)
[2016.02.15-23.07.26:381][  5]LogCollectionManager: Fixed up redirectors for 0 collections in 0.000054 seconds (updated 0 objects)
[2016.02.15-23.07.39:698][774]LogEditorViewport: Clicking on Actor (LMB): PlayerStart (PlayerStart)
[2016.02.15-23.08.11:297][612]LogEditorViewport: Clicking on Actor (context menu): PlayerStart (PlayerStart)
[2016.02.15-23.08.17:225][933]LogEditorViewport: Clicking Background
[2016.02.15-23.08.18:329][996]LogEditorViewport: Clicking on Actor (LMB): PlayerStart (PlayerStart)
[2016.02.15-23.08.23:232][260]LogEditorViewport: Clicking on Component (context menu): CapsuleComponent (CollisionCapsule)
[2016.02.15-23.08.33:389][862]MapCheck: New page: Map Check
[2016.02.15-23.08.33:723][862]Cmd: MAP REBUILD ALLVISIBLE
[2016.02.15-23.08.33:723][862]LogEditorServer: Rebuildmap Clear paths rebuilt
[2016.02.15-23.08.33:900][862]MapCheck:Warning: Warning WorldSettings Hierarchical LOD System is disabled or no HLOD level settings available, unable to build LOD actors. 
[2016.02.15-23.08.33:900][862]LogStats:          STAT_HLOD_BuildClusters - 25.479 ms
[2016.02.15-23.08.33:937][862]LightingResults: New page: Lighting Build - Feb 15, 2016, 7:08:33 AM
[2016.02.15-23.08.37:012][862]LogStaticLightingSystem:Warning: No importance volume found, so the scene bounding box was used.  You can optimize your scene's quality and lighting build times by adding importance volumes.
[2016.02.15-23.08.37:012][862]LogStaticLightingSystem: Running Lightmass w/ ImmediateImport mode ENABLED
[2016.02.15-23.08.37:012][862]LogStaticLightingSystem: Running Lightmass w/ ImmediateProcess mode ENABLED
[2016.02.15-23.08.37:012][862]LogStaticLightingSystem: Running Lightmass w/ Sorting mode ENABLED
[2016.02.15-23.08.37:012][862]LogStaticLightingSystem: Running Lightmass w/ Mapping paddings ENABLED
[2016.02.15-23.08.37:012][862]LogStaticLightingSystem: Running Lightmass w/ Mapping debug paddings DISABLED
[2016.02.15-23.08.37:154][862]LogEditorBuildUtils: Build time 0:00:03
[2016.02.15-23.08.37:162][862]LogMaterial: Missing cached shader map for material FLightmassMaterialRenderer WorldGridMaterial, compiling. Is special engine material.
[2016.02.15-23.08.37:223][862]LogMaterial: Missing cached shader map for material FLightmassMaterialRenderer WorldGridMaterial, compiling. Is special engine material.
[2016.02.15-23.08.39:425][864]LogPlayLevel: PlayLevel: No blueprints needed recompiling
[2016.02.15-23.08.39:429][864]PIE: New page: PIE session: MAP_Basic (Feb 15, 2016, 7:08:39 AM)
[2016.02.15-23.08.39:429][864]LogPlayLevel: Creating play world package: /Game/Maps/UEDPIE_0_MAP_Basic
[2016.02.15-23.08.39:437][864]LogPlayLevel: PIE: StaticDuplicateObject took: (0.007821s)
[2016.02.15-23.08.39:438][864]LogAIModule: Creating AISystem for world MAP_Basic
[2016.02.15-23.08.39:438][864]LogPlayLevel: PIE: World Init took: (0.000874s)
[2016.02.15-23.08.39:450][864]LogPlayLevel: PIE: Created PIE world by copying editor world from /Game/Maps/MAP_Basic.MAP_Basic to /Game/Maps/UEDPIE_0_MAP_Basic.MAP_Basic (0.020618s)
[2016.02.15-23.08.39:484][864]LogInit: XAudio2 using 'Speakers (Sound Blaster Recon3Di)' : 2 channels at 48 kHz using 32 bits per sample (channel mask 0x3)
[2016.02.15-23.08.39:491][864]LogInit: FAudioDevice initialized.
[2016.02.15-23.08.40:230][864]LogTexture:Display: Building textures: spr_char_jump (BGRA8)
[2016.02.15-23.08.40:231][864]LogTexture:Display: Building textures: spr_char_idle (BGRA8)
[2016.02.15-23.08.40:231][864]LogTexture:Display: Building textures: spr_char_crouch (BGRA8)
[2016.02.15-23.08.40:232][864]LogTexture:Display: Building textures: spr_char_crawl (BGRA8)
[2016.02.15-23.08.40:290][864]LogTexture:Display: Building textures: spr_char_run (BGRA8)
[2016.02.15-23.08.40:291][864]LogTexture:Display: Building textures: spr_char_walk (BGRA8)
[2016.02.15-23.08.40:292][864]LogWorld: Game class is 'BP_QE_GameMode_C'
[2016.02.15-23.08.40:354][864]LogWorld: Bringing World /Game/Maps/UEDPIE_0_MAP_Basic.MAP_Basic up for play (max tick rate 60) at 2016.02.15-15.08.40
[2016.02.15-23.08.40:354][864]LogActor:Warning: GameSession /Game/Maps/UEDPIE_0_MAP_Basic.MAP_Basic:PersistentLevel.GameSession_0 has natively added scene component(s), but none of them were set as the actor's RootComponent - picking one arbitrarily
[2016.02.15-23.08.40:354][864]LogActor:Warning: GameNetworkManager /Game/Maps/UEDPIE_0_MAP_Basic.MAP_Basic:PersistentLevel.GameNetworkManager_0 has natively added scene component(s), but none of them were set as the actor's RootComponent - picking one arbitrarily
[2016.02.15-23.08.40:369][864]LogWorld: Bringing up level for play took: 0.017678
[2016.02.15-23.08.40:583][864]PIE: Info Play in editor start time for /Game/Maps/UEDPIE_0_MAP_Basic 1.806
[2016.02.15-23.08.42:323][909]Job is a success!
[2016.02.15-23.08.49:390][188]LogParticles: Destroying 0 GPU particle simulations for FXSystem 0x00000095C86BCB80
[2016.02.15-23.08.50:663][249]LogPlayLevel: PlayLevel: No blueprints needed recompiling
[2016.02.15-23.08.50:663][249]PIE: New page: PIE session: MAP_Basic (Feb 15, 2016, 7:08:50 AM)
[2016.02.15-23.08.50:663][249]LogPlayLevel: Creating play world package: /Game/Maps/UEDPIE_0_MAP_Basic
[2016.02.15-23.08.50:665][249]LogPlayLevel: PIE: StaticDuplicateObject took: (0.001543s)
[2016.02.15-23.08.50:665][249]LogAIModule: Creating AISystem for world MAP_Basic
[2016.02.15-23.08.50:665][249]LogPlayLevel: PIE: World Init took: (0.000593s)
[2016.02.15-23.08.50:665][249]LogPlayLevel: PIE: Created PIE world by copying editor world from /Game/Maps/MAP_Basic.MAP_Basic to /Game/Maps/UEDPIE_0_MAP_Basic.MAP_Basic (0.002297s)
[2016.02.15-23.08.50:676][249]LogInit: XAudio2 using 'Speakers (Sound Blaster Recon3Di)' : 2 channels at 48 kHz using 32 bits per sample (channel mask 0x3)
[2016.02.15-23.08.50:682][249]LogInit: FAudioDevice initialized.
[2016.02.15-23.08.50:775][249]LogWorld: Game class is 'BP_QE_GameMode_C'
[2016.02.15-23.08.50:779][249]LogWorld: Bringing World /Game/Maps/UEDPIE_0_MAP_Basic.MAP_Basic up for play (max tick rate 60) at 2016.02.15-15.08.50
[2016.02.15-23.08.50:779][249]LogActor:Warning: GameSession /Game/Maps/UEDPIE_0_MAP_Basic.MAP_Basic:PersistentLevel.GameSession_1 has natively added scene component(s), but none of them were set as the actor's RootComponent - picking one arbitrarily
[2016.02.15-23.08.50:779][249]LogActor:Warning: GameNetworkManager /Game/Maps/UEDPIE_0_MAP_Basic.MAP_Basic:PersistentLevel.GameNetworkManager_1 has natively added scene component(s), but none of them were set as the actor's RootComponent - picking one arbitrarily
[2016.02.15-23.08.50:779][249]LogWorld: Bringing up level for play took: 0.002910
[2016.02.15-23.08.50:858][249]PIE: Info Play in editor start time for /Game/Maps/UEDPIE_0_MAP_Basic 0.081
[2016.02.15-23.09.17:347][823]LogParticles: Destroying 0 GPU particle simulations for FXSystem 0x00000095AC4A7420
[2016.02.15-23.09.39:593][112]LogLinker:Warning: Asset '../../../Engine/Content/ArtTools/RenderToTexture/Macros/RenderToTextureMacros.uasset' has been saved with empty engine version. The asset will be loaded but may be incompatible.
[2016.02.15-23.09.41:096][112]LogContentBrowser: Native class hierarchy updated for 'BlueprintGraph' in 0.0007 seconds. Added 107 classes and 0 folders.
[2016.02.15-23.11.14:789][797]Lightmass on DESKTOP-PJPOGGP: 2:33 min total, 125 ms importing, 0 ms setup, 275 ms photons, 2:32 min processing, 0 ms extra exporting [0/0 mappings]. Threads: 17:47 min total, 0 ms processing.
[2016.02.15-23.11.14:911][797]LogParticles: Destroying 0 GPU particle simulations for FXSystem 0x00000095C75320C0
[2016.02.15-23.11.14:938][797]LogParticles: Destroying 0 GPU particle simulations for FXSystem 0x0000009588B4B6A0
[2016.02.15-23.11.14:989][797]LogStaticLightingSystem: Illumination: 8.83 sec (23 ms encoding lightmaps)
[2016.02.15-23.11.14:989][797]LogStaticLightingSystem: Lightmap texture memory:  0.0 MB (0.0 MB streaming, 0.0 MB non-streaming), 0 textures
[2016.02.15-23.11.14:989][797]LogStaticLightingSystem: Shadowmap texture memory: 0.0 MB (0.0 MB streaming, 0.0 MB non-streaming), 0 textures
[2016.02.15-23.11.20:141][798]Cmd: MAP CHECK NOTIFYRESULTS
[2016.02.15-23.11.20:142][798]MapCheck: New page: MAP_Basic - Feb 15, 2016, 7:11:20 AM
[2016.02.15-23.11.20:294][798]MapCheck: Info Map check complete: 0 Error(s), 0 Warning(s), took 153.09ms to complete.
[2016.02.15-23.12.50:673][753]LogEditorViewport: Clicking on Actor (LMB): PaperSpriteActor (spr_environment_Sprite_30)
[2016.02.15-23.12.52:225][825]LogEditorViewport: Clicking on Actor (LMB): PaperSpriteActor (spr_environment_Sprite_34)
[2016.02.15-23.12.53:228][884]LogEditorViewport: Clicking on Actor (LMB): PaperSpriteActor (spr_environment_Sprite_18)
[2016.02.15-23.12.59:940][285]LogEditorViewport: Clicking on Actor (context menu): PaperSpriteActor (spr_environment_Sprite_19)
[2016.02.15-23.13.58:450][617]LogEditorViewport: Clicking Background
[2016.02.15-23.16.36:529][717]LogEditorViewport: Clicking on Actor (context menu): PaperSpriteActor (spr_environment_Sprite_19)
[2016.02.15-23.16.41:195][990]Cmd: DUPLICATE
[2016.02.15-23.16.41:195][990]Cmd: ACTOR DUPLICATE
[2016.02.15-23.16.51:598][568]LogEditorViewport: Clicking on Actor (context menu): PaperSpriteActor (spr_environment_Sprite_26)
[2016.02.15-23.16.58:292][964]LogEditorViewport: Clicking on Actor (LMB): PaperSpriteActor (spr_environment_Sprite_26)
[2016.02.15-23.16.59:170][ 12]Cmd: DUPLICATE
[2016.02.15-23.16.59:170][ 12]Cmd: ACTOR DUPLICATE
[2016.02.15-23.17.17:133][ 85]Cmd: DUPLICATE
[2016.02.15-23.17.17:133][ 85]Cmd: ACTOR DUPLICATE
[2016.02.15-23.17.50:941][ 83]Cmd: DUPLICATE
[2016.02.15-23.17.50:941][ 83]Cmd: ACTOR DUPLICATE
[2016.02.15-23.18.02:881][795]BlueprintLog: New page: Pre-Play auto-recompile
[2016.02.15-23.18.02:883][795]LogPlayLevel: [PlayLevel] Compiling BP_QE_Character before play...
[2016.02.15-23.18.03:657][795]LogPlayLevel: PlayLevel: Blueprint regeneration took 775 ms (1 blueprints)
[2016.02.15-23.18.03:685][795]LogParticles: Destroying 0 GPU particle simulations for FXSystem 0x00000095881D8860
[2016.02.15-23.18.03:736][795]PIE: New page: PIE session: MAP_Basic (Feb 15, 2016, 7:18:03 AM)
[2016.02.15-23.18.03:736][795]LogPlayLevel: Creating play world package: /Game/Maps/UEDPIE_0_MAP_Basic
[2016.02.15-23.18.03:743][795]LogPlayLevel: PIE: StaticDuplicateObject took: (0.006571s)
[2016.02.15-23.18.03:745][795]LogAIModule: Creating AISystem for world MAP_Basic
[2016.02.15-23.18.03:745][795]LogPlayLevel: PIE: World Init took: (0.001950s)
[2016.02.15-23.18.03:746][795]LogPlayLevel: PIE: Created PIE world by copying editor world from /Game/Maps/MAP_Basic.MAP_Basic to /Game/Maps/UEDPIE_0_MAP_Basic.MAP_Basic (0.009160s)
[2016.02.15-23.18.03:798][795]LogInit: XAudio2 using 'Speakers (Sound Blaster Recon3Di)' : 2 channels at 48 kHz using 32 bits per sample (channel mask 0x3)
[2016.02.15-23.18.03:805][795]LogInit: FAudioDevice initialized.
[2016.02.15-23.18.03:905][795]LogWorld: Game class is 'BP_QE_GameMode_C'
[2016.02.15-23.18.03:916][795]LogWorld: Bringing World /Game/Maps/UEDPIE_0_MAP_Basic.MAP_Basic up for play (max tick rate 60) at 2016.02.15-15.18.03
[2016.02.15-23.18.03:916][795]LogActor:Warning: GameSession /Game/Maps/UEDPIE_0_MAP_Basic.MAP_Basic:PersistentLevel.GameSession_2 has natively added scene component(s), but none of them were set as the actor's RootComponent - picking one arbitrarily
[2016.02.15-23.18.03:916][795]LogActor:Warning: GameNetworkManager /Game/Maps/UEDPIE_0_MAP_Basic.MAP_Basic:PersistentLevel.GameNetworkManager_2 has natively added scene component(s), but none of them were set as the actor's RootComponent - picking one arbitrarily
[2016.02.15-23.18.03:917][795]LogWorld: Bringing up level for play took: 0.009033
[2016.02.15-23.18.03:954][795]PIE: Info Play in editor start time for /Game/Maps/UEDPIE_0_MAP_Basic 1.176
[2016.02.15-23.18.23:175][937]LogParticles: Destroying 0 GPU particle simulations for FXSystem 0x00000095871CBBA0
[2016.02.15-23.18.40:098][859]Cmd: DUPLICATE
[2016.02.15-23.18.40:098][859]Cmd: ACTOR DUPLICATE
[2016.02.15-23.18.45:430][177]LogEditorViewport: Clicking on Actor (LMB): PaperSpriteActor (spr_environment_Sprite_29)
[2016.02.15-23.18.55:484][777]LogPlayLevel: PlayLevel: No blueprints needed recompiling
[2016.02.15-23.18.55:484][777]PIE: New page: PIE session: MAP_Basic (Feb 15, 2016, 7:18:55 AM)
[2016.02.15-23.18.55:484][777]LogPlayLevel: Creating play world package: /Game/Maps/UEDPIE_0_MAP_Basic
[2016.02.15-23.18.55:485][777]LogPlayLevel: PIE: StaticDuplicateObject took: (0.001630s)
[2016.02.15-23.18.55:486][777]LogAIModule: Creating AISystem for world MAP_Basic
[2016.02.15-23.18.55:486][777]LogPlayLevel: PIE: World Init took: (0.000666s)
[2016.02.15-23.18.55:486][777]LogPlayLevel: PIE: Created PIE world by copying editor world from /Game/Maps/MAP_Basic.MAP_Basic to /Game/Maps/UEDPIE_0_MAP_Basic.MAP_Basic (0.002497s)
[2016.02.15-23.18.55:511][777]LogParticles: Destroying 0 GPU particle simulations for FXSystem 0x00000095821EA700
[2016.02.15-23.18.55:517][777]LogInit: XAudio2 using 'Speakers (Sound Blaster Recon3Di)' : 2 channels at 48 kHz using 32 bits per sample (channel mask 0x3)
[2016.02.15-23.18.55:523][777]LogInit: FAudioDevice initialized.
[2016.02.15-23.18.55:610][777]LogWorld: Game class is 'BP_QE_GameMode_C'
[2016.02.15-23.18.55:616][777]LogWorld: Bringing World /Game/Maps/UEDPIE_0_MAP_Basic.MAP_Basic up for play (max tick rate 60) at 2016.02.15-15.18.55
[2016.02.15-23.18.55:616][777]LogActor:Warning: GameSession /Game/Maps/UEDPIE_0_MAP_Basic.MAP_Basic:PersistentLevel.GameSession_3 has natively added scene component(s), but none of them were set as the actor's RootComponent - picking one arbitrarily
[2016.02.15-23.18.55:617][777]LogActor:Warning: GameNetworkManager /Game/Maps/UEDPIE_0_MAP_Basic.MAP_Basic:PersistentLevel.GameNetworkManager_3 has natively added scene component(s), but none of them were set as the actor's RootComponent - picking one arbitrarily
[2016.02.15-23.18.55:617][777]LogWorld: Bringing up level for play took: 0.005194
[2016.02.15-23.18.55:643][777]PIE: Info Play in editor start time for /Game/Maps/UEDPIE_0_MAP_Basic 0.866
[2016.02.15-23.19.39:358][392]LogParticles: Destroying 0 GPU particle simulations for FXSystem 0x00000095879CC2C0
[2016.02.15-23.20.57:464][709]MapCheck: New page: Map Check
[2016.02.15-23.20.57:505][709]Cmd: MAP REBUILD ALLVISIBLE
[2016.02.15-23.20.57:506][709]LogEditorServer: Rebuildmap Clear paths rebuilt
[2016.02.15-23.20.57:539][709]LogParticles: Destroying 0 GPU particle simulations for FXSystem 0x00000095880DA980
[2016.02.15-23.20.57:544][709]MapCheck:Warning: Warning WorldSettings Hierarchical LOD System is disabled or no HLOD level settings available, unable to build LOD actors. 
[2016.02.15-23.20.57:544][709]LogStats:          STAT_HLOD_BuildClusters - 31.641 ms
[2016.02.15-23.20.57:544][709]LightingResults: New page: Lighting Build - Feb 15, 2016, 7:20:57 AM
[2016.02.15-23.21.02:201][709]LogStaticLightingSystem:Warning: No importance volume found, so the scene bounding box was used.  You can optimize your scene's quality and lighting build times by adding importance volumes.
[2016.02.15-23.21.02:201][709]LogStaticLightingSystem: Running Lightmass w/ ImmediateImport mode ENABLED
[2016.02.15-23.21.02:201][709]LogStaticLightingSystem: Running Lightmass w/ ImmediateProcess mode ENABLED
[2016.02.15-23.21.02:201][709]LogStaticLightingSystem: Running Lightmass w/ Sorting mode ENABLED
[2016.02.15-23.21.02:201][709]LogStaticLightingSystem: Running Lightmass w/ Mapping paddings ENABLED
[2016.02.15-23.21.02:201][709]LogStaticLightingSystem: Running Lightmass w/ Mapping debug paddings DISABLED
[2016.02.15-23.21.02:319][709]LogEditorBuildUtils: Build time 0:00:04
[2016.02.15-23.21.03:409][740]Job is a success!
[2016.02.15-23.21.03:514][741]Lightmass on DESKTOP-PJPOGGP: 626 ms total, 109 ms importing, 0 ms setup, 275 ms photons, 221 ms processing, 0 ms extra exporting [0/0 mappings]. Threads: 1.39 sec total, 0 ms processing.
[2016.02.15-23.21.03:524][741]LogStaticLightingSystem: Illumination: 5.95 sec (2 ms encoding lightmaps)
[2016.02.15-23.21.03:524][741]LogStaticLightingSystem: Lightmap texture memory:  0.0 MB (0.0 MB streaming, 0.0 MB non-streaming), 0 textures
[2016.02.15-23.21.03:524][741]LogStaticLightingSystem: Shadowmap texture memory: 0.0 MB (0.0 MB streaming, 0.0 MB non-streaming), 0 textures
[2016.02.15-23.21.04:243][742]Cmd: MAP CHECK NOTIFYRESULTS
[2016.02.15-23.21.04:243][742]MapCheck: New page: MAP_Basic - Feb 15, 2016, 7:21:04 AM
[2016.02.15-23.21.04:307][742]MapCheck: Info Map check complete: 0 Error(s), 0 Warning(s), took 64.239ms to complete.
[2016.02.15-23.21.04:327][742]BlueprintLog: New page: Pre-Play auto-recompile
[2016.02.15-23.21.04:339][742]LogPlayLevel: [PlayLevel] Compiling BP_QE_Character before play...
[2016.02.15-23.21.04:550][742]LogPlayLevel: PlayLevel: Blueprint regeneration took 223 ms (1 blueprints)
[2016.02.15-23.21.04:576][742]PIE: New page: PIE session: MAP_Basic (Feb 15, 2016, 7:21:04 AM)
[2016.02.15-23.21.04:577][742]LogPlayLevel: Creating play world package: /Game/Maps/UEDPIE_0_MAP_Basic
[2016.02.15-23.21.04:578][742]LogPlayLevel: PIE: StaticDuplicateObject took: (0.001474s)
[2016.02.15-23.21.04:579][742]LogAIModule: Creating AISystem for world MAP_Basic
[2016.02.15-23.21.04:579][742]LogPlayLevel: PIE: World Init took: (0.000625s)
[2016.02.15-23.21.04:579][742]LogPlayLevel: PIE: Created PIE world by copying editor world from /Game/Maps/MAP_Basic.MAP_Basic to /Game/Maps/UEDPIE_0_MAP_Basic.MAP_Basic (0.002308s)
[2016.02.15-23.21.04:603][742]LogInit: XAudio2 using 'Speakers (Sound Blaster Recon3Di)' : 2 channels at 48 kHz using 32 bits per sample (channel mask 0x3)
[2016.02.15-23.21.04:609][742]LogInit: FAudioDevice initialized.
[2016.02.15-23.21.04:697][742]LogWorld: Game class is 'BP_QE_GameMode_C'
[2016.02.15-23.21.04:702][742]LogWorld: Bringing World /Game/Maps/UEDPIE_0_MAP_Basic.MAP_Basic up for play (max tick rate 60) at 2016.02.15-15.21.04
[2016.02.15-23.21.04:702][742]LogActor:Warning: GameSession /Game/Maps/UEDPIE_0_MAP_Basic.MAP_Basic:PersistentLevel.GameSession_4 has natively added scene component(s), but none of them were set as the actor's RootComponent - picking one arbitrarily
[2016.02.15-23.21.04:702][742]LogActor:Warning: GameNetworkManager /Game/Maps/UEDPIE_0_MAP_Basic.MAP_Basic:PersistentLevel.GameNetworkManager_4 has natively added scene component(s), but none of them were set as the actor's RootComponent - picking one arbitrarily
[2016.02.15-23.21.04:703][742]LogWorld: Bringing up level for play took: 0.003899
[2016.02.15-23.21.04:743][742]PIE: Info Play in editor start time for /Game/Maps/UEDPIE_0_MAP_Basic -0.035
[2016.02.15-23.21.15:669][386]LogParticles: Destroying 0 GPU particle simulations for FXSystem 0x0000009608A5FE20
[2016.02.15-23.21.52:280][489]Cmd: OBJ SAVEPACKAGE PACKAGE="/Game/Maps/MAP_Basic" FILE="../../../../../../../Dragondale_prjoects/quantum-echo/Saved/Autosaves/Game/Maps/MAP_Basic_Auto1.umap" SILENT=true AUTOSAVING=true KEEPDIRTY=false
[2016.02.15-23.21.52:482][489]LogSavePackage: Save=105.840706ms
[2016.02.15-23.21.52:482][489]LogSavePackage: Moving '../../../../../../../Dragondale_prjoects/quantum-echo/Saved/MAP_Basic_Auto1D8B290404C48ECEEB4B61C8060821AC9.tmp' to '../../../../../../../Dragondale_prjoects/quantum-echo/Saved/Autosaves/Game/Maps/MAP_Basic_Auto1.umap'
[2016.02.15-23.21.52:484][489]LogSavePackage: Total save time: 185.003098ms
[2016.02.15-23.21.52:484][489]LogSavePackage:Display: Finished SavePackage ../../../../../../../Dragondale_prjoects/quantum-echo/Saved/Autosaves/Game/Maps/MAP_Basic_Auto1.umap
[2016.02.15-23.21.52:522][489]LogFileHelpers: Editor autosave (incl. sublevels) for '/Game/Maps/MAP_Basic' took 0.299
[2016.02.15-23.21.52:522][489]LogFileHelpers: Editor autosave (incl. sublevels) for all levels took 0.299
[2016.02.15-23.21.52:528][489]OBJ SavePackage: Generating thumbnails for [0] asset(s) in package [/Game/Blueprints/Game/BP_QE_Character] ([1] browsable assets)...
[2016.02.15-23.21.52:528][489]OBJ SavePackage: Finished generating thumbnails for package [/Game/Blueprints/Game/BP_QE_Character]
[2016.02.15-23.21.52:649][489]LogSavePackage: Save=117.792770ms
[2016.02.15-23.21.52:649][489]LogSavePackage: Moving '../../../../../../../Dragondale_prjoects/quantum-echo/Saved/BP_QE_Character_Auto101E02A234830A0793E14A99CC54AFA56.tmp' to '../../../../../../../Dragondale_prjoects/quantum-echo/Saved/Autosaves/Game/Blueprints/Game/BP_QE_Character_Auto1.uasset'
[2016.02.15-23.21.52:651][489]LogSavePackage: Total save time: 120.947693ms
[2016.02.15-23.21.52:651][489]LogSavePackage:Display: Finished SavePackage ../../../../../../../Dragondale_prjoects/quantum-echo/Saved/Autosaves/Game/Blueprints/Game/BP_QE_Character_Auto1.uasset
[2016.02.15-23.21.52:651][489]LogFileHelpers: Auto-saving content packages took 0.127
[2016.02.15-23.24.35:515][358]BlueprintLog: New page: Pre-Play auto-recompile
[2016.02.15-23.24.35:531][358]LogPlayLevel: [PlayLevel] Compiling BP_QE_Character before play...
[2016.02.15-23.24.35:610][358]LogPlayLevel: PlayLevel: Blueprint regeneration took 95 ms (1 blueprints)
[2016.02.15-23.24.35:638][358]PIE: New page: PIE session: MAP_Basic (Feb 15, 2016, 7:24:35 AM)
[2016.02.15-23.24.35:639][358]LogPlayLevel: Creating play world package: /Game/Maps/UEDPIE_0_MAP_Basic
[2016.02.15-23.24.35:640][358]LogPlayLevel: PIE: StaticDuplicateObject took: (0.001493s)
[2016.02.15-23.24.35:641][358]LogAIModule: Creating AISystem for world MAP_Basic
[2016.02.15-23.24.35:641][358]LogPlayLevel: PIE: World Init took: (0.000573s)
[2016.02.15-23.24.35:641][358]LogPlayLevel: PIE: Created PIE world by copying editor world from /Game/Maps/MAP_Basic.MAP_Basic to /Game/Maps/UEDPIE_0_MAP_Basic.MAP_Basic (0.002232s)
[2016.02.15-23.24.35:665][358]LogInit: XAudio2 using 'Speakers (Sound Blaster Recon3Di)' : 2 channels at 48 kHz using 32 bits per sample (channel mask 0x3)
[2016.02.15-23.24.35:672][358]LogInit: FAudioDevice initialized.
[2016.02.15-23.24.35:781][358]LogWorld: Game class is 'BP_QE_GameMode_C'
[2016.02.15-23.24.35:789][358]LogWorld: Bringing World /Game/Maps/UEDPIE_0_MAP_Basic.MAP_Basic up for play (max tick rate 60) at 2016.02.15-15.24.35
[2016.02.15-23.24.35:790][358]LogActor:Warning: GameSession /Game/Maps/UEDPIE_0_MAP_Basic.MAP_Basic:PersistentLevel.GameSession_5 has natively added scene component(s), but none of them were set as the actor's RootComponent - picking one arbitrarily
[2016.02.15-23.24.35:790][358]LogActor:Warning: GameNetworkManager /Game/Maps/UEDPIE_0_MAP_Basic.MAP_Basic:PersistentLevel.GameNetworkManager_5 has natively added scene component(s), but none of them were set as the actor's RootComponent - picking one arbitrarily
[2016.02.15-23.24.35:790][358]LogWorld: Bringing up level for play took: 0.007021
[2016.02.15-23.24.35:837][358]PIE: Info Play in editor start time for /Game/Maps/UEDPIE_0_MAP_Basic 1.06
[2016.02.15-23.24.59:878][645]LogParticles: Destroying 0 GPU particle simulations for FXSystem 0x0000009594EC85E0
[2016.02.15-23.30.59:753][502]Cmd: OBJ SAVEPACKAGE PACKAGE="/Game/Maps/MAP_Basic" FILE="../../../../../../../Dragondale_prjoects/quantum-echo/Content/Maps/MAP_Basic.umap" SILENT=true AUTOSAVING=false KEEPDIRTY=false
[2016.02.15-23.30.59:798][502]LogSavePackage: Save=17.613956ms
[2016.02.15-23.30.59:798][502]LogSavePackage: Moving '../../../../../../../Dragondale_prjoects/quantum-echo/Saved/MAP_Basic154FD4C0489EC459B94BAEA55A96146C.tmp' to '../../../../../../../Dragondale_prjoects/quantum-echo/Content/Maps/MAP_Basic.umap'
[2016.02.15-23.30.59:801][502]LogSavePackage: Total save time: 22.322975ms
[2016.02.15-23.30.59:801][502]LogSavePackage:Display: Finished SavePackage ../../../../../../../Dragondale_prjoects/quantum-echo/Content/Maps/MAP_Basic.umap
[2016.02.15-23.30.59:873][502]LogFileHelpers: Saving map 'MAP_Basic' took 0.207
[2016.02.15-23.30.59:881][502]